<?xml version="1.0" encoding="UTF-8"?>
<testsuite xmlns:xsi="http://www.w3.org/2001/XMLSchema-instance" xsi:schemaLocation="https://maven.apache.org/surefire/maven-surefire-plugin/xsd/surefire-test-report.xsd" name="TestSuite" time="34.156" tests="2" errors="0" skipped="0" failures="2">
  <properties>
[...]
</properties>
  <testcase name="login" classname="tests.loginTest" time="23.277">
    <failure message="Unable to locate element: //input[@name=&apos;userName&apos;]&#10;For documentation on this error, please visit: http://seleniumhq.org/exceptions/no_such_element.html&#10;Build info: version: &apos;3.4.0&apos;, revision: &apos;unknown&apos;, time: &apos;unknown&apos;&#10;System info: host: &apos;SAGARR-PC&apos;, ip: &apos;192.168.1.107&apos;, os.name: &apos;Windows 10&apos;, os.arch: &apos;amd64&apos;, os.version: &apos;10.0&apos;, java.version: &apos;1.8.0_91&apos;&#10;Driver info: org.openqa.selenium.firefox.FirefoxDriver&#10;Capabilities [{moz:profile=C:\Users\SAGAR~1.RAN\AppData\Local\Temp\rust_mozprofile.cgBtpNVlYSQK, rotatable=false, timeouts={implicit=0.0, pageLoad=300000.0, script=30000.0}, pageLoadStrategy=normal, platform=ANY, specificationLevel=0.0, moz:accessibilityChecks=false, acceptInsecureCerts=false, browserVersion=54.0.1, platformVersion=10.0, moz:processID=15652.0, browserName=firefox, javascriptEnabled=true, platformName=windows_nt}]&#10;Session ID: ebdcb3df-0097-43e0-8269-0a13216d546e&#10;*** Element info: {Using=xpath, value=//input[@name=&apos;userName&apos;]}" type="org.openqa.selenium.NoSuchElementException">org.openqa.selenium.NoSuchElementException: 
Unable to locate element: //input[@name='userName']
For documentation on this error, please visit: http://seleniumhq.org/exceptions/no_such_element.html
Build info: version: '3.4.0', revision: 'unknown', time: 'unknown'
System info: host: 'SAGARR-PC', ip: '192.168.1.107', os.name: 'Windows 10', os.arch: 'amd64', os.version: '10.0', java.version: '1.8.0_91'
Driver info: org.openqa.selenium.firefox.FirefoxDriver
Capabilities [{moz:profile=C:\Users\SAGAR~1.RAN\AppData\Local\Temp\rust_mozprofile.cgBtpNVlYSQK, rotatable=false, timeouts={implicit=0.0, pageLoad=300000.0, script=30000.0}, pageLoadStrategy=normal, platform=ANY, specificationLevel=0.0, moz:accessibilityChecks=false, acceptInsecureCerts=false, browserVersion=54.0.1, platformVersion=10.0, moz:processID=15652.0, browserName=firefox, javascriptEnabled=true, platformName=windows_nt}]
Session ID: ebdcb3df-0097-43e0-8269-0a13216d546e
*** Element info: {Using=xpath, value=//input[@name='userName']}
	at tests.loginTest.login(loginTest.java:20)
</failure>
    <system-err><![CDATA[1500974232098	geckodriver	INFO	Listening on 127.0.0.1:24727
1500974232483	geckodriver::marionette	INFO	Starting browser C:\Program Files (x86)\Mozilla Firefox\firefox.exe with args ["-marionette"]
[GFX1]: Potential driver version mismatch ignored due to missing DLLs igd10umd32 v= and igd10iumd32 v=
[GFX1-]: VendorIDMismatch V 0x8086 0x1414
1500974236921	Marionette	INFO	Listening on port 2502
Jul 25, 2017 2:47:17 PM org.openqa.selenium.remote.ProtocolHandshake createSession
INFO: Detected dialect: W3C
]]></system-err>
  </testcase>
  <testcase name="register" classname="tests.registerTest" time="10.011">
    <failure message="Unable to locate element: //a[.=&apos;REGISTER&apos;]&#10;For documentation on this error, please visit: http://seleniumhq.org/exceptions/no_such_element.html&#10;Build info: version: &apos;3.4.0&apos;, revision: &apos;unknown&apos;, time: &apos;unknown&apos;&#10;System info: host: &apos;SAGARR-PC&apos;, ip: &apos;192.168.1.107&apos;, os.name: &apos;Windows 10&apos;, os.arch: &apos;amd64&apos;, os.version: &apos;10.0&apos;, java.version: &apos;1.8.0_91&apos;&#10;Driver info: org.openqa.selenium.firefox.FirefoxDriver&#10;Capabilities [{moz:profile=C:\Users\SAGAR~1.RAN\AppData\Local\Temp\rust_mozprofile.cgBtpNVlYSQK, rotatable=false, timeouts={implicit=0.0, pageLoad=300000.0, script=30000.0}, pageLoadStrategy=normal, platform=ANY, specificationLevel=0.0, moz:accessibilityChecks=false, acceptInsecureCerts=false, browserVersion=54.0.1, platformVersion=10.0, moz:processID=15652.0, browserName=firefox, javascriptEnabled=true, platformName=windows_nt}]&#10;Session ID: ebdcb3df-0097-43e0-8269-0a13216d546e&#10;*** Element info: {Using=xpath, value=//a[.=&apos;REGISTER&apos;]}" type="org.openqa.selenium.NoSuchElementException">org.openqa.selenium.NoSuchElementException: 
Unable to locate element: //a[.='REGISTER']
For documentation on this error, please visit: http://seleniumhq.org/exceptions/no_such_element.html
Build info: version: '3.4.0', revision: 'unknown', time: 'unknown'
System info: host: 'SAGARR-PC', ip: '192.168.1.107', os.name: 'Windows 10', os.arch: 'amd64', os.version: '10.0', java.version: '1.8.0_91'
Driver info: org.openqa.selenium.firefox.FirefoxDriver
Capabilities [{moz:profile=C:\Users\SAGAR~1.RAN\AppData\Local\Temp\rust_mozprofile.cgBtpNVlYSQK, rotatable=false, timeouts={implicit=0.0, pageLoad=300000.0, script=30000.0}, pageLoadStrategy=normal, platform=ANY, specificationLevel=0.0, moz:accessibilityChecks=false, acceptInsecureCerts=false, browserVersion=54.0.1, platformVersion=10.0, moz:processID=15652.0, browserName=firefox, javascriptEnabled=true, platformName=windows_nt}]
Session ID: ebdcb3df-0097-43e0-8269-0a13216d546e
*** Element info: {Using=xpath, value=//a[.='REGISTER']}
	at tests.registerTest.register(registerTest.java:19)
</failure>
  </testcase>
</testsuite>