<?xml version="1.0" encoding="UTF-8"?>
<testng-results skipped="0" failed="0" ignored="0" total="2" passed="2">
  <reporter-output>
  </reporter-output>
  <suite name="Suite1" duration-ms="14949" started-at="2017-07-21T12:59:16Z" finished-at="2017-07-21T12:59:31Z">
    <groups>
    </groups>
    <test name="Verify Mobile sorting" duration-ms="10877" started-at="2017-07-21T12:59:16Z" finished-at="2017-07-21T12:59:27Z">
      <class name="guru_tests.SortMobile">
        <test-method status="PASS" signature="login()[pri:0, instance:guru_tests.SortMobile@27efef64]" name="login" duration-ms="10844" started-at="2017-07-21T18:29:16Z" finished-at="2017-07-21T18:29:27Z">
          <reporter-output>
          </reporter-output>
        </test-method> <!-- login -->
      </class> <!-- guru_tests.SortMobile -->
    </test> <!-- Verify Mobile sorting -->
    <test name="Verify Product Cost" duration-ms="4041" started-at="2017-07-21T12:59:27Z" finished-at="2017-07-21T12:59:31Z">
      <class name="guru_tests.VerifyProductCost">
        <test-method status="PASS" signature="login()[pri:0, instance:guru_tests.VerifyProductCost@146ba0ac]" name="login" duration-ms="4038" started-at="2017-07-21T18:29:27Z" finished-at="2017-07-21T18:29:31Z">
          <reporter-output>
          </reporter-output>
        </test-method> <!-- login -->
      </class> <!-- guru_tests.VerifyProductCost -->
    </test> <!-- Verify Product Cost -->
  </suite> <!-- Suite1 -->
</testng-results>
